PDOException: SQLSTATE[HY093]: Invalid parameter number: number of bound variables does not match number of tokens in C:\xampp\htdocs\qandasite\classes\UserLogic.php:26
Stack trace:
#0 C:\xampp\htdocs\qandasite\classes\UserLogic.php(26): PDOStatement->execute(Array)
#1 C:\xampp\htdocs\qandasite\top\signup_done.php(36): UserLogic::createUser(Array, Array)
#2 {main}PDOException: SQLSTATE[HY093]: Invalid parameter number: number of bound variables does not match number of tokens in C:\xampp\htdocs\qandasite\classes\UserLogic.php:26
Stack trace:
#0 C:\xampp\htdocs\qandasite\classes\UserLogic.php(26): PDOStatement->execute(Array)
#1 C:\xampp\htdocs\qandasite\top\signup_done.php(36): UserLogic::createUser(Array, Array)
#2 {main}PDOException: SQLSTATE[HY093]: Invalid parameter number: number of bound variables does not match number of tokens in C:\xampp\htdocs\qandasite\classes\UserLogic.php:26
Stack trace:
#0 C:\xampp\htdocs\qandasite\classes\UserLogic.php(26): PDOStatement->execute(Array)
#1 C:\xampp\htdocs\qandasite\top\signup_done.php(36): UserLogic::createUser(Array, Array)
#2 {main}PDOException: SQLSTATE[HY093]: Invalid parameter number: number of bound variables does not match number of tokens in C:\xampp\htdocs\qandasite\classes\UserLogic.php:26
Stack trace:
#0 C:\xampp\htdocs\qandasite\classes\UserLogic.php(26): PDOStatement->execute(Array)
#1 C:\xampp\htdocs\qandasite\top\signup_done.php(36): UserLogic::createUser(Array, Array)
#2 {main}PDOException: SQLSTATE[HY093]: Invalid parameter number: number of bound variables does not match number of tokens in C:\xampp\htdocs\qandasite\classes\UserLogic.php:26
Stack trace:
#0 C:\xampp\htdocs\qandasite\classes\UserLogic.php(26): PDOStatement->execute(Array)
#1 C:\xampp\htdocs\qandasite\top\signup_done.php(36): UserLogic::createUser(Array, Array)
#2 {main}PDOException: SQLSTATE[HY093]: Invalid parameter number: number of bound variables does not match number of tokens in C:\xampp\htdocs\qandasite\classes\UserLogic.php:26
Stack trace:
#0 C:\xampp\htdocs\qandasite\classes\UserLogic.php(26): PDOStatement->execute(Array)
#1 C:\xampp\htdocs\qandasite\top\signup_done.php(36): UserLogic::createUser(Array, Array)
#2 {main}PDOException: SQLSTATE[HY093]: Invalid parameter number: number of bound variables does not match number of tokens in C:\xampp\htdocs\qandasite\classes\UserLogic.php:26
Stack trace:
#0 C:\xampp\htdocs\qandasite\classes\UserLogic.php(26): PDOStatement->execute(Array)
#1 C:\xampp\htdocs\qandasite\top\signup_done.php(36): UserLogic::createUser(Array, Array)
#2 {main}PDOException: SQLSTATE[HY093]: Invalid parameter number: number of bound variables does not match number of tokens in C:\xampp\htdocs\qandasite\classes\UserLogic.php:26
Stack trace:
#0 C:\xampp\htdocs\qandasite\classes\UserLogic.php(26): PDOStatement->execute(Array)
#1 C:\xampp\htdocs\qandasite\top\signup_done.php(36): UserLogic::createUser(Array, Array)
#2 {main}PDOException: SQLSTATE[HY093]: Invalid parameter number: number of bound variables does not match number of tokens in C:\xampp\htdocs\qandasite\classes\UserLogic.php:26
Stack trace:
#0 C:\xampp\htdocs\qandasite\classes\UserLogic.php(26): PDOStatement->execute(Array)
#1 C:\xampp\htdocs\qandasite\top\signup_done.php(36): UserLogic::createUser(Array, Array)
#2 {main}PDOException: SQLSTATE[HY093]: Invalid parameter number: number of bound variables does not match number of tokens in C:\xampp\htdocs\qandasite\classes\UserLogic.php:26
Stack trace:
#0 C:\xampp\htdocs\qandasite\classes\UserLogic.php(26): PDOStatement->execute(Array)
#1 C:\xampp\htdocs\qandasite\top\signup_done.php(36): UserLogic::createUser(Array, Array)
#2 {main}PDOException: SQLSTATE[HY093]: Invalid parameter number: number of bound variables does not match number of tokens in C:\xampp\htdocs\qandasite\classes\UserLogic.php:26
Stack trace:
#0 C:\xampp\htdocs\qandasite\classes\UserLogic.php(26): PDOStatement->execute(Array)
#1 C:\xampp\htdocs\qandasite\top\signup_done.php(36): UserLogic::createUser(Array, Array)
#2 {main}PDOException: SQLSTATE[HY093]: Invalid parameter number: number of bound variables does not match number of tokens in C:\xampp\htdocs\qandasite\classes\UserLogic.php:26
Stack trace:
#0 C:\xampp\htdocs\qandasite\classes\UserLogic.php(26): PDOStatement->execute(Array)
#1 C:\xampp\htdocs\qandasite\top\signup_done.php(36): UserLogic::createUser(Array, Array)
#2 {main}PDOException: SQLSTATE[HY093]: Invalid parameter number: number of bound variables does not match number of tokens in C:\xampp\htdocs\qandasite\classes\UserLogic.php:26
Stack trace:
#0 C:\xampp\htdocs\qandasite\classes\UserLogic.php(26): PDOStatement->execute(Array)
#1 C:\xampp\htdocs\qandasite\top\signup_done.php(36): UserLogic::createUser(Array, Array)
#2 {main}PDOException: SQLSTATE[HY093]: Invalid parameter number: number of bound variables does not match number of tokens in C:\xampp\htdocs\qandasite\classes\UserLogic.php:26
Stack trace:
#0 C:\xampp\htdocs\qandasite\classes\UserLogic.php(26): PDOStatement->execute(Array)
#1 C:\xampp\htdocs\qandasite\top\signup_done.php(36): UserLogic::createUser(Array, Array)
#2 {main}PDOException: SQLSTATE[HY093]: Invalid parameter number: number of bound variables does not match number of tokens in C:\xampp\htdocs\qandasite\classes\UserLogic.php:26
Stack trace:
#0 C:\xampp\htdocs\qandasite\classes\UserLogic.php(26): PDOStatement->execute(Array)
#1 C:\xampp\htdocs\qandasite\top\signup_done.php(36): UserLogic::createUser(Array, Array)
#2 {main}PDOException: SQLSTATE[HY093]: Invalid parameter number: number of bound variables does not match number of tokens in C:\xampp\htdocs\qandasite\classes\UserLogic.php:26
Stack trace:
#0 C:\xampp\htdocs\qandasite\classes\UserLogic.php(26): PDOStatement->execute(Array)
#1 C:\xampp\htdocs\qandasite\top\signup_done.php(36): UserLogic::createUser(Array, Array)
#2 {main}PDOException: SQLSTATE[HY093]: Invalid parameter number: number of bound variables does not match number of tokens in C:\xampp\htdocs\qandasite\classes\UserLogic.php:26
Stack trace:
#0 C:\xampp\htdocs\qandasite\classes\UserLogic.php(26): PDOStatement->execute(Array)
#1 C:\xampp\htdocs\qandasite\top\signup_done.php(36): UserLogic::createUser(Array, Array)
#2 {main}PDOException: SQLSTATE[HY093]: Invalid parameter number: number of bound variables does not match number of tokens in C:\xampp\htdocs\qandasite\classes\UserLogic.php:26
Stack trace:
#0 C:\xampp\htdocs\qandasite\classes\UserLogic.php(26): PDOStatement->execute(Array)
#1 C:\xampp\htdocs\qandasite\top\signup_done.php(36): UserLogic::createUser(Array, Array)
#2 {main}PDOException: SQLSTATE[HY093]: Invalid parameter number: number of bound variables does not match number of tokens in C:\xampp\htdocs\qandasite\classes\UserLogic.php:26
Stack trace:
#0 C:\xampp\htdocs\qandasite\classes\UserLogic.php(26): PDOStatement->execute(Array)
#1 C:\xampp\htdocs\qandasite\top\signup_done.php(36): UserLogic::createUser(Array, Array)
#2 {main}PDOException: SQLSTATE[HY093]: Invalid parameter number: number of bound variables does not match number of tokens in C:\xampp\htdocs\qandasite\classes\UserLogic.php:26
Stack trace:
#0 C:\xampp\htdocs\qandasite\classes\UserLogic.php(26): PDOStatement->execute(Array)
#1 C:\xampp\htdocs\qandasite\top\signup_done.php(36): UserLogic::createUser(Array, Array)
#2 {main}PDOException: SQLSTATE[HY093]: Invalid parameter number: number of bound variables does not match number of tokens in C:\xampp\htdocs\qandasite\classes\UserLogic.php:26
Stack trace:
#0 C:\xampp\htdocs\qandasite\classes\UserLogic.php(26): PDOStatement->execute(Array)
#1 C:\xampp\htdocs\qandasite\top\signup_done.php(36): UserLogic::createUser(Array, Array)
#2 {main}PDOException: SQLSTATE[HY093]: Invalid parameter number: number of bound variables does not match number of tokens in C:\xampp\htdocs\qandasite\classes\UserLogic.php:26
Stack trace:
#0 C:\xampp\htdocs\qandasite\classes\UserLogic.php(26): PDOStatement->execute(Array)
#1 C:\xampp\htdocs\qandasite\top\signup_done.php(36): UserLogic::createUser(Array, Array)
#2 {main}PDOException: SQLSTATE[HY093]: Invalid parameter number: number of bound variables does not match number of tokens in C:\xampp\htdocs\qandasite\classes\UserLogic.php:26
Stack trace:
#0 C:\xampp\htdocs\qandasite\classes\UserLogic.php(26): PDOStatement->execute(Array)
#1 C:\xampp\htdocs\qandasite\top\signup_done.php(36): UserLogic::createUser(Array, Array)
#2 {main}PDOException: SQLSTATE[HY093]: Invalid parameter number: number of bound variables does not match number of tokens in C:\xampp\htdocs\qandasite\classes\UserLogic.php:26
Stack trace:
#0 C:\xampp\htdocs\qandasite\classes\UserLogic.php(26): PDOStatement->execute(Array)
#1 C:\xampp\htdocs\qandasite\top\signup_done.php(36): UserLogic::createUser(Array, Array)
#2 {main}PDOException: SQLSTATE[HY093]: Invalid parameter number: number of bound variables does not match number of tokens in C:\xampp\htdocs\qandasite\classes\UserLogic.php:26
Stack trace:
#0 C:\xampp\htdocs\qandasite\classes\UserLogic.php(26): PDOStatement->execute(Array)
#1 C:\xampp\htdocs\qandasite\top\signup_done.php(36): UserLogic::createUser(Array, Array)
#2 {main}PDOException: SQLSTATE[HY093]: Invalid parameter number: number of bound variables does not match number of tokens in C:\xampp\htdocs\qandasite\classes\UserLogic.php:26
Stack trace:
#0 C:\xampp\htdocs\qandasite\classes\UserLogic.php(26): PDOStatement->execute(Array)
#1 C:\xampp\htdocs\qandasite\top\signup_done.php(36): UserLogic::createUser(Array, Array)
#2 {main}PDOException: SQLSTATE[HY093]: Invalid parameter number: number of bound variables does not match number of tokens in C:\xampp\htdocs\qandasite\classes\UserLogic.php:26
Stack trace:
#0 C:\xampp\htdocs\qandasite\classes\UserLogic.php(26): PDOStatement->execute(Array)
#1 C:\xampp\htdocs\qandasite\top\signup_done.php(36): UserLogic::createUser(Array, Array)
#2 {main}PDOException: SQLSTATE[HY093]: Invalid parameter number: number of bound variables does not match number of tokens in C:\xampp\htdocs\qandasite\classes\UserLogic.php:26
Stack trace:
#0 C:\xampp\htdocs\qandasite\classes\UserLogic.php(26): PDOStatement->execute(Array)
#1 C:\xampp\htdocs\qandasite\top\signup_done.php(36): UserLogic::createUser(Array, Array)
#2 {main}PDOException: SQLSTATE[HY093]: Invalid parameter number: number of bound variables does not match number of tokens in C:\xampp\htdocs\qandasite\classes\UserLogic.php:26
Stack trace:
#0 C:\xampp\htdocs\qandasite\classes\UserLogic.php(26): PDOStatement->execute(Array)
#1 C:\xampp\htdocs\qandasite\top\signup_done.php(36): UserLogic::createUser(Array, Array)
#2 {main}PDOException: SQLSTATE[HY093]: Invalid parameter number: number of bound variables does not match number of tokens in C:\xampp\htdocs\qandasite\classes\UserLogic.php:26
Stack trace:
#0 C:\xampp\htdocs\qandasite\classes\UserLogic.php(26): PDOStatement->execute(Array)
#1 C:\xampp\htdocs\qandasite\top\signup_done.php(36): UserLogic::createUser(Array, Array)
#2 {main}PDOException: SQLSTATE[HY093]: Invalid parameter number: number of bound variables does not match number of tokens in C:\xampp\htdocs\qandasite\classes\UserLogic.php:26
Stack trace:
#0 C:\xampp\htdocs\qandasite\classes\UserLogic.php(26): PDOStatement->execute(Array)
#1 C:\xampp\htdocs\qandasite\top\signup_done.php(36): UserLogic::createUser(Array, Array)
#2 {main}PDOException: SQLSTATE[HY093]: Invalid parameter number: number of bound variables does not match number of tokens in C:\xampp\htdocs\qandasite\classes\UserLogic.php:26
Stack trace:
#0 C:\xampp\htdocs\qandasite\classes\UserLogic.php(26): PDOStatement->execute(Array)
#1 C:\xampp\htdocs\qandasite\top\signup_done.php(36): UserLogic::createUser(Array, Array)
#2 {main}PDOException: SQLSTATE[HY093]: Invalid parameter number: number of bound variables does not match number of tokens in C:\xampp\htdocs\qandasite\classes\UserLogic.php:26
Stack trace:
#0 C:\xampp\htdocs\qandasite\classes\UserLogic.php(26): PDOStatement->execute(Array)
#1 C:\xampp\htdocs\qandasite\top\signup_done.php(36): UserLogic::createUser(Array, Array)
#2 {main}PDOException: SQLSTATE[HY093]: Invalid parameter number: number of bound variables does not match number of tokens in C:\xampp\htdocs\qandasite\classes\UserLogic.php:26
Stack trace:
#0 C:\xampp\htdocs\qandasite\classes\UserLogic.php(26): PDOStatement->execute(Array)
#1 C:\xampp\htdocs\qandasite\top\signup_done.php(36): UserLogic::createUser(Array, Array)
#2 {main}PDOException: SQLSTATE[HY093]: Invalid parameter number: number of bound variables does not match number of tokens in C:\xampp\htdocs\qandasite\classes\UserLogic.php:26
Stack trace:
#0 C:\xampp\htdocs\qandasite\classes\UserLogic.php(26): PDOStatement->execute(Array)
#1 C:\xampp\htdocs\qandasite\top\signup_done.php(36): UserLogic::createUser(Array, Array)
#2 {main}PDOException: SQLSTATE[HY093]: Invalid parameter number: number of bound variables does not match number of tokens in C:\xampp\htdocs\qandasite\classes\UserLogic.php:26
Stack trace:
#0 C:\xampp\htdocs\qandasite\classes\UserLogic.php(26): PDOStatement->execute(Array)
#1 C:\xampp\htdocs\qandasite\top\signup_done.php(36): UserLogic::createUser(Array, Array)
#2 {main}PDOException: SQLSTATE[HY093]: Invalid parameter number: number of bound variables does not match number of tokens in C:\xampp\htdocs\qandasite\classes\UserLogic.php:26
Stack trace:
#0 C:\xampp\htdocs\qandasite\classes\UserLogic.php(26): PDOStatement->execute(Array)
#1 C:\xampp\htdocs\qandasite\top\signup_done.php(36): UserLogic::createUser(Array, Array)
#2 {main}PDOException: SQLSTATE[HY093]: Invalid parameter number: number of bound variables does not match number of tokens in C:\xampp\htdocs\qandasite\classes\UserLogic.php:26
Stack trace:
#0 C:\xampp\htdocs\qandasite\classes\UserLogic.php(26): PDOStatement->execute(Array)
#1 C:\xampp\htdocs\qandasite\top\signup_done.php(36): UserLogic::createUser(Array, Array)
#2 {main}PDOException: SQLSTATE[HY093]: Invalid parameter number: number of bound variables does not match number of tokens in C:\xampp\htdocs\qandasite\classes\UserLogic.php:26
Stack trace:
#0 C:\xampp\htdocs\qandasite\classes\UserLogic.php(26): PDOStatement->execute(Array)
#1 C:\xampp\htdocs\qandasite\top\signup_done.php(36): UserLogic::createUser(Array, Array)
#2 {main}PDOException: SQLSTATE[HY093]: Invalid parameter number: number of bound variables does not match number of tokens in C:\xampp\htdocs\qandasite\classes\UserLogic.php:26
Stack trace:
#0 C:\xampp\htdocs\qandasite\classes\UserLogic.php(26): PDOStatement->execute(Array)
#1 C:\xampp\htdocs\qandasite\top\signup_done.php(36): UserLogic::createUser(Array, Array)
#2 {main}PDOException: SQLSTATE[HY093]: Invalid parameter number: number of bound variables does not match number of tokens in C:\xampp\htdocs\qandasite\classes\UserLogic.php:26
Stack trace:
#0 C:\xampp\htdocs\qandasite\classes\UserLogic.php(26): PDOStatement->execute(Array)
#1 C:\xampp\htdocs\qandasite\top\signup_done.php(36): UserLogic::createUser(Array, Array)
#2 {main}PDOException: SQLSTATE[HY093]: Invalid parameter number: number of bound variables does not match number of tokens in C:\xampp\htdocs\qandasite\classes\UserLogic.php:26
Stack trace:
#0 C:\xampp\htdocs\qandasite\classes\UserLogic.php(26): PDOStatement->execute(Array)
#1 C:\xampp\htdocs\qandasite\top\signup_done.php(36): UserLogic::createUser(Array, Array)
#2 {main}PDOException: SQLSTATE[HY093]: Invalid parameter number: number of bound variables does not match number of tokens in C:\xampp\htdocs\qandasite\classes\UserLogic.php:26
Stack trace:
#0 C:\xampp\htdocs\qandasite\classes\UserLogic.php(26): PDOStatement->execute(Array)
#1 C:\xampp\htdocs\qandasite\top\signup_done.php(36): UserLogic::createUser(Array, Array)
#2 {main}PDOException: SQLSTATE[HY093]: Invalid parameter number: number of bound variables does not match number of tokens in C:\xampp\htdocs\qandasite\classes\UserLogic.php:26
Stack trace:
#0 C:\xampp\htdocs\qandasite\classes\UserLogic.php(26): PDOStatement->execute(Array)
#1 C:\xampp\htdocs\qandasite\top\signup_done.php(36): UserLogic::createUser(Array, Array)
#2 {main}PDOException: SQLSTATE[HY093]: Invalid parameter number: number of bound variables does not match number of tokens in C:\xampp\htdocs\qandasite\classes\UserLogic.php:26
Stack trace:
#0 C:\xampp\htdocs\qandasite\classes\UserLogic.php(26): PDOStatement->execute(Array)
#1 C:\xampp\htdocs\qandasite\top\signup_done.php(36): UserLogic::createUser(Array, Array)
#2 {main}PDOException: SQLSTATE[HY093]: Invalid parameter number: number of bound variables does not match number of tokens in C:\xampp\htdocs\qandasite\classes\UserLogic.php:26
Stack trace:
#0 C:\xampp\htdocs\qandasite\classes\UserLogic.php(26): PDOStatement->execute(Array)
#1 C:\xampp\htdocs\qandasite\top\signup_done.php(36): UserLogic::createUser(Array, Array)
#2 {main}PDOException: SQLSTATE[HY093]: Invalid parameter number: number of bound variables does not match number of tokens in C:\xampp\htdocs\qandasite\classes\UserLogic.php:26
Stack trace:
#0 C:\xampp\htdocs\qandasite\classes\UserLogic.php(26): PDOStatement->execute(Array)
#1 C:\xampp\htdocs\qandasite\top\signup_done.php(36): UserLogic::createUser(Array, Array)
#2 {main}PDOException: SQLSTATE[HY093]: Invalid parameter number: number of bound variables does not match number of tokens in C:\xampp\htdocs\qandasite\classes\UserLogic.php:26
Stack trace:
#0 C:\xampp\htdocs\qandasite\classes\UserLogic.php(26): PDOStatement->execute(Array)
#1 C:\xampp\htdocs\qandasite\top\signup_done.php(36): UserLogic::createUser(Array, Array)
#2 {main}PDOException: SQLSTATE[HY093]: Invalid parameter number: number of bound variables does not match number of tokens in C:\xampp\htdocs\qandasite\classes\UserLogic.php:26
Stack trace:
#0 C:\xampp\htdocs\qandasite\classes\UserLogic.php(26): PDOStatement->execute(Array)
#1 C:\xampp\htdocs\qandasite\top\signup_done.php(36): UserLogic::createUser(Array, Array)
#2 {main}PDOException: SQLSTATE[HY093]: Invalid parameter number: number of bound variables does not match number of tokens in C:\xampp\htdocs\qandasite\classes\UserLogic.php:26
Stack trace:
#0 C:\xampp\htdocs\qandasite\classes\UserLogic.php(26): PDOStatement->execute(Array)
#1 C:\xampp\htdocs\qandasite\top\signup_done.php(36): UserLogic::createUser(Array, Array)
#2 {main}PDOException: SQLSTATE[HY093]: Invalid parameter number: number of bound variables does not match number of tokens in C:\xampp\htdocs\qandasite\classes\UserLogic.php:26
Stack trace:
#0 C:\xampp\htdocs\qandasite\classes\UserLogic.php(26): PDOStatement->execute(Array)
#1 C:\xampp\htdocs\qandasite\top\signup_done.php(36): UserLogic::createUser(Array, Array)
#2 {main}PDOException: SQLSTATE[HY093]: Invalid parameter number: number of bound variables does not match number of tokens in C:\xampp\htdocs\qandasite\classes\UserLogic.php:26
Stack trace:
#0 C:\xampp\htdocs\qandasite\classes\UserLogic.php(26): PDOStatement->execute(Array)
#1 C:\xampp\htdocs\qandasite\top\signup_done.php(36): UserLogic::createUser(Array, Array)
#2 {main}PDOException: SQLSTATE[HY093]: Invalid parameter number: number of bound variables does not match number of tokens in C:\xampp\htdocs\qandasite\classes\UserLogic.php:26
Stack trace:
#0 C:\xampp\htdocs\qandasite\classes\UserLogic.php(26): PDOStatement->execute(Array)
#1 C:\xampp\htdocs\qandasite\top\signup_done.php(36): UserLogic::createUser(Array, Array)
#2 {main}PDOException: SQLSTATE[HY093]: Invalid parameter number: number of bound variables does not match number of tokens in C:\xampp\htdocs\qandasite\classes\UserLogic.php:26
Stack trace:
#0 C:\xampp\htdocs\qandasite\classes\UserLogic.php(26): PDOStatement->execute(Array)
#1 C:\xampp\htdocs\qandasite\top\signup_done.php(36): UserLogic::createUser(Array, Array)
#2 {main}PDOException: SQLSTATE[HY093]: Invalid parameter number: number of bound variables does not match number of tokens in C:\xampp\htdocs\qandasite\classes\UserLogic.php:26
Stack trace:
#0 C:\xampp\htdocs\qandasite\classes\UserLogic.php(26): PDOStatement->execute(Array)
#1 C:\xampp\htdocs\qandasite\top\signup_done.php(36): UserLogic::createUser(Array, Array)
#2 {main}PDOException: SQLSTATE[HY093]: Invalid parameter number: number of bound variables does not match number of tokens in C:\xampp\htdocs\qandasite\classes\UserLogic.php:26
Stack trace:
#0 C:\xampp\htdocs\qandasite\classes\UserLogic.php(26): PDOStatement->execute(Array)
#1 C:\xampp\htdocs\qandasite\top\signup_done.php(36): UserLogic::createUser(Array, Array)
#2 {main}PDOException: SQLSTATE[HY093]: Invalid parameter number: number of bound variables does not match number of tokens in C:\xampp\htdocs\qandasite\classes\UserLogic.php:26
Stack trace:
#0 C:\xampp\htdocs\qandasite\classes\UserLogic.php(26): PDOStatement->execute(Array)
#1 C:\xampp\htdocs\qandasite\top\signup_done.php(36): UserLogic::createUser(Array, Array)
#2 {main}PDOException: SQLSTATE[HY093]: Invalid parameter number: number of bound variables does not match number of tokens in C:\xampp\htdocs\qandasite\classes\UserLogic.php:26
Stack trace:
#0 C:\xampp\htdocs\qandasite\classes\UserLogic.php(26): PDOStatement->execute(Array)
#1 C:\xampp\htdocs\qandasite\top\signup_done.php(36): UserLogic::createUser(Array, Array)
#2 {main}PDOException: SQLSTATE[HY093]: Invalid parameter number: number of bound variables does not match number of tokens in C:\xampp\htdocs\qandasite\classes\UserLogic.php:26
Stack trace:
#0 C:\xampp\htdocs\qandasite\classes\UserLogic.php(26): PDOStatement->execute(Array)
#1 C:\xampp\htdocs\qandasite\top\signup_done.php(36): UserLogic::createUser(Array, Array)
#2 {main}PDOException: SQLSTATE[HY093]: Invalid parameter number: number of bound variables does not match number of tokens in C:\xampp\htdocs\qandasite\classes\UserLogic.php:26
Stack trace:
#0 C:\xampp\htdocs\qandasite\classes\UserLogic.php(26): PDOStatement->execute(Array)
#1 C:\xampp\htdocs\qandasite\top\signup_done.php(36): UserLogic::createUser(Array, Array)
#2 {main}PDOException: SQLSTATE[HY093]: Invalid parameter number: number of bound variables does not match number of tokens in C:\xampp\htdocs\qandasite\classes\UserLogic.php:26
Stack trace:
#0 C:\xampp\htdocs\qandasite\classes\UserLogic.php(26): PDOStatement->execute(Array)
#1 C:\xampp\htdocs\qandasite\top\signup_done.php(36): UserLogic::createUser(Array, Array)
#2 {main}PDOException: SQLSTATE[HY093]: Invalid parameter number: number of bound variables does not match number of tokens in C:\xampp\htdocs\qandasite\classes\UserLogic.php:26
Stack trace:
#0 C:\xampp\htdocs\qandasite\classes\UserLogic.php(26): PDOStatement->execute(Array)
#1 C:\xampp\htdocs\qandasite\top\signup_done.php(36): UserLogic::createUser(Array, Array)
#2 {main}PDOException: SQLSTATE[HY093]: Invalid parameter number: number of bound variables does not match number of tokens in C:\xampp\htdocs\qandasite\classes\UserLogic.php:26
Stack trace:
#0 C:\xampp\htdocs\qandasite\classes\UserLogic.php(26): PDOStatement->execute(Array)
#1 C:\xampp\htdocs\qandasite\top\signup_done.php(36): UserLogic::createUser(Array, Array)
#2 {main}PDOException: SQLSTATE[HY093]: Invalid parameter number: number of bound variables does not match number of tokens in C:\xampp\htdocs\qandasite\classes\UserLogic.php:26
Stack trace:
#0 C:\xampp\htdocs\qandasite\classes\UserLogic.php(26): PDOStatement->execute(Array)
#1 C:\xampp\htdocs\qandasite\top\signup_done.php(36): UserLogic::createUser(Array, Array)
#2 {main}PDOException: SQLSTATE[HY093]: Invalid parameter number: number of bound variables does not match number of tokens in C:\xampp\htdocs\qandasite\classes\UserLogic.php:26
Stack trace:
#0 C:\xampp\htdocs\qandasite\classes\UserLogic.php(26): PDOStatement->execute(Array)
#1 C:\xampp\htdocs\qandasite\top\signup_done.php(36): UserLogic::createUser(Array, Array)
#2 {main}PDOException: SQLSTATE[HY093]: Invalid parameter number: number of bound variables does not match number of tokens in C:\xampp\htdocs\qandasite\classes\UserLogic.php:26
Stack trace:
#0 C:\xampp\htdocs\qandasite\classes\UserLogic.php(26): PDOStatement->execute(Array)
#1 C:\xampp\htdocs\qandasite\top\signup_done.php(36): UserLogic::createUser(Array, Array)
#2 {main}PDOException: SQLSTATE[HY093]: Invalid parameter number: number of bound variables does not match number of tokens in C:\xampp\htdocs\qandasite\classes\UserLogic.php:26
Stack trace:
#0 C:\xampp\htdocs\qandasite\classes\UserLogic.php(26): PDOStatement->execute(Array)
#1 C:\xampp\htdocs\qandasite\top\signup_done.php(36): UserLogic::createUser(Array, Array)
#2 {main}PDOException: SQLSTATE[HY093]: Invalid parameter number: number of bound variables does not match number of tokens in C:\xampp\htdocs\qandasite\classes\UserLogic.php:26
Stack trace:
#0 C:\xampp\htdocs\qandasite\classes\UserLogic.php(26): PDOStatement->execute(Array)
#1 C:\xampp\htdocs\qandasite\top\signup_done.php(36): UserLogic::createUser(Array, Array)
#2 {main}PDOException: SQLSTATE[HY093]: Invalid parameter number: number of bound variables does not match number of tokens in C:\xampp\htdocs\qandasite\classes\UserLogic.php:26
Stack trace:
#0 C:\xampp\htdocs\qandasite\classes\UserLogic.php(26): PDOStatement->execute(Array)
#1 C:\xampp\htdocs\qandasite\top\signup_done.php(36): UserLogic::createUser(Array, Array)
#2 {main}PDOException: SQLSTATE[HY093]: Invalid parameter number: number of bound variables does not match number of tokens in C:\xampp\htdocs\qandasite\classes\UserLogic.php:26
Stack trace:
#0 C:\xampp\htdocs\qandasite\classes\UserLogic.php(26): PDOStatement->execute(Array)
#1 C:\xampp\htdocs\qandasite\top\signup_done.php(36): UserLogic::createUser(Array, Array)
#2 {main}PDOException: SQLSTATE[HY093]: Invalid parameter number: number of bound variables does not match number of tokens in C:\xampp\htdocs\qandasite\classes\UserLogic.php:26
Stack trace:
#0 C:\xampp\htdocs\qandasite\classes\UserLogic.php(26): PDOStatement->execute(Array)
#1 C:\xampp\htdocs\qandasite\top\signup_done.php(36): UserLogic::createUser(Array, Array)
#2 {main}PDOException: SQLSTATE[HY093]: Invalid parameter number: number of bound variables does not match number of tokens in C:\xampp\htdocs\qandasite\classes\UserLogic.php:26
Stack trace:
#0 C:\xampp\htdocs\qandasite\classes\UserLogic.php(26): PDOStatement->execute(Array)
#1 C:\xampp\htdocs\qandasite\top\signup_done.php(36): UserLogic::createUser(Array, Array)
#2 {main}PDOException: SQLSTATE[HY093]: Invalid parameter number: number of bound variables does not match number of tokens in C:\xampp\htdocs\qandasite\classes\UserLogic.php:26
Stack trace:
#0 C:\xampp\htdocs\qandasite\classes\UserLogic.php(26): PDOStatement->execute(Array)
#1 C:\xampp\htdocs\qandasite\top\signup_done.php(36): UserLogic::createUser(Array, Array)
#2 {main}PDOException: SQLSTATE[HY093]: Invalid parameter number: number of bound variables does not match number of tokens in C:\xampp\htdocs\qandasite\classes\UserLogic.php:26
Stack trace:
#0 C:\xampp\htdocs\qandasite\classes\UserLogic.php(26): PDOStatement->execute(Array)
#1 C:\xampp\htdocs\qandasite\top\signup_done.php(36): UserLogic::createUser(Array, Array)
#2 {main}PDOException: SQLSTATE[HY093]: Invalid parameter number: number of bound variables does not match number of tokens in C:\xampp\htdocs\qandasite\classes\UserLogic.php:26
Stack trace:
#0 C:\xampp\htdocs\qandasite\classes\UserLogic.php(26): PDOStatement->execute(Array)
#1 C:\xampp\htdocs\qandasite\top\signup_done.php(36): UserLogic::createUser(Array, Array)
#2 {main}PDOException: SQLSTATE[HY093]: Invalid parameter number: number of bound variables does not match number of tokens in C:\xampp\htdocs\qandasite\classes\UserLogic.php:26
Stack trace:
#0 C:\xampp\htdocs\qandasite\classes\UserLogic.php(26): PDOStatement->execute(Array)
#1 C:\xampp\htdocs\qandasite\top\signup_done.php(36): UserLogic::createUser(Array, Array)
#2 {main}PDOException: SQLSTATE[HY093]: Invalid parameter number: number of bound variables does not match number of tokens in C:\xampp\htdocs\qandasite\classes\UserLogic.php:26
Stack trace:
#0 C:\xampp\htdocs\qandasite\classes\UserLogic.php(26): PDOStatement->execute(Array)
#1 C:\xampp\htdocs\qandasite\top\signup_done.php(36): UserLogic::createUser(Array, Array)
#2 {main}PDOException: SQLSTATE[HY093]: Invalid parameter number: number of bound variables does not match number of tokens in C:\xampp\htdocs\qandasite\classes\UserLogic.php:26
Stack trace:
#0 C:\xampp\htdocs\qandasite\classes\UserLogic.php(26): PDOStatement->execute(Array)
#1 C:\xampp\htdocs\qandasite\top\signup_done.php(36): UserLogic::createUser(Array, Array)
#2 {main}PDOException: SQLSTATE[HY093]: Invalid parameter number: number of bound variables does not match number of tokens in C:\xampp\htdocs\qandasite\classes\UserLogic.php:26
Stack trace:
#0 C:\xampp\htdocs\qandasite\classes\UserLogic.php(26): PDOStatement->execute(Array)
#1 C:\xampp\htdocs\qandasite\top\signup_done.php(36): UserLogic::createUser(Array, Array)
#2 {main}PDOException: SQLSTATE[HY093]: Invalid parameter number: number of bound variables does not match number of tokens in C:\xampp\htdocs\qandasite\classes\UserLogic.php:26
Stack trace:
#0 C:\xampp\htdocs\qandasite\classes\UserLogic.php(26): PDOStatement->execute(Array)
#1 C:\xampp\htdocs\qandasite\top\signup_done.php(36): UserLogic::createUser(Array, Array)
#2 {main}PDOException: SQLSTATE[HY093]: Invalid parameter number: number of bound variables does not match number of tokens in C:\xampp\htdocs\qandasite\classes\UserLogic.php:26
Stack trace:
#0 C:\xampp\htdocs\qandasite\classes\UserLogic.php(26): PDOStatement->execute(Array)
#1 C:\xampp\htdocs\qandasite\top\signup_done.php(36): UserLogic::createUser(Array, Array)
#2 {main}PDOException: SQLSTATE[HY093]: Invalid parameter number: number of bound variables does not match number of tokens in C:\xampp\htdocs\qandasite\classes\UserLogic.php:26
Stack trace:
#0 C:\xampp\htdocs\qandasite\classes\UserLogic.php(26): PDOStatement->execute(Array)
#1 C:\xampp\htdocs\qandasite\top\signup_done.php(36): UserLogic::createUser(Array, Array)
#2 {main}PDOException: SQLSTATE[HY093]: Invalid parameter number: number of bound variables does not match number of tokens in C:\xampp\htdocs\qandasite\classes\UserLogic.php:26
Stack trace:
#0 C:\xampp\htdocs\qandasite\classes\UserLogic.php(26): PDOStatement->execute(Array)
#1 C:\xampp\htdocs\qandasite\top\signup_done.php(36): UserLogic::createUser(Array, Array)
#2 {main}PDOException: SQLSTATE[HY093]: Invalid parameter number: number of bound variables does not match number of tokens in C:\xampp\htdocs\qandasite\classes\UserLogic.php:26
Stack trace:
#0 C:\xampp\htdocs\qandasite\classes\UserLogic.php(26): PDOStatement->execute(Array)
#1 C:\xampp\htdocs\qandasite\top\signup_done.php(36): UserLogic::createUser(Array, Array)
#2 {main}PDOException: SQLSTATE[HY093]: Invalid parameter number: number of bound variables does not match number of tokens in C:\xampp\htdocs\qandasite\classes\UserLogic.php:26
Stack trace:
#0 C:\xampp\htdocs\qandasite\classes\UserLogic.php(26): PDOStatement->execute(Array)
#1 C:\xampp\htdocs\qandasite\top\signup_done.php(36): UserLogic::createUser(Array, Array)
#2 {main}PDOException: SQLSTATE[HY093]: Invalid parameter number: number of bound variables does not match number of tokens in C:\xampp\htdocs\qandasite\classes\UserLogic.php:26
Stack trace:
#0 C:\xampp\htdocs\qandasite\classes\UserLogic.php(26): PDOStatement->execute(Array)
#1 C:\xampp\htdocs\qandasite\top\signup_done.php(36): UserLogic::createUser(Array, Array)
#2 {main}PDOException: SQLSTATE[HY093]: Invalid parameter number: number of bound variables does not match number of tokens in C:\xampp\htdocs\qandasite\classes\UserLogic.php:26
Stack trace:
#0 C:\xampp\htdocs\qandasite\classes\UserLogic.php(26): PDOStatement->execute(Array)
#1 C:\xampp\htdocs\qandasite\top\signup_done.php(36): UserLogic::createUser(Array, Array)
#2 {main}PDOException: SQLSTATE[HY093]: Invalid parameter number: number of bound variables does not match number of tokens in C:\xampp\htdocs\qandasite\classes\UserLogic.php:26
Stack trace:
#0 C:\xampp\htdocs\qandasite\classes\UserLogic.php(26): PDOStatement->execute(Array)
#1 C:\xampp\htdocs\qandasite\top\signup_done.php(36): UserLogic::createUser(Array, Array)
#2 {main}PDOException: SQLSTATE[HY093]: Invalid parameter number: number of bound variables does not match number of tokens in C:\xampp\htdocs\qandasite\classes\UserLogic.php:26
Stack trace:
#0 C:\xampp\htdocs\qandasite\classes\UserLogic.php(26): PDOStatement->execute(Array)
#1 C:\xampp\htdocs\qandasite\top\signup_done.php(36): UserLogic::createUser(Array, Array)
#2 {main}PDOException: SQLSTATE[HY093]: Invalid parameter number: number of bound variables does not match number of tokens in C:\xampp\htdocs\qandasite\classes\UserLogic.php:26
Stack trace:
#0 C:\xampp\htdocs\qandasite\classes\UserLogic.php(26): PDOStatement->execute(Array)
#1 C:\xampp\htdocs\qandasite\top\signup_done.php(36): UserLogic::createUser(Array, Array)
#2 {main}PDOException: SQLSTATE[HY093]: Invalid parameter number: number of bound variables does not match number of tokens in C:\xampp\htdocs\qandasite\classes\UserLogic.php:26
Stack trace:
#0 C:\xampp\htdocs\qandasite\classes\UserLogic.php(26): PDOStatement->execute(Array)
#1 C:\xampp\htdocs\qandasite\top\signup_done.php(36): UserLogic::createUser(Array, Array)
#2 {main}PDOException: SQLSTATE[HY093]: Invalid parameter number: number of bound variables does not match number of tokens in C:\xampp\htdocs\qandasite\classes\UserLogic.php:26
Stack trace:
#0 C:\xampp\htdocs\qandasite\classes\UserLogic.php(26): PDOStatement->execute(Array)
#1 C:\xampp\htdocs\qandasite\top\signup_done.php(36): UserLogic::createUser(Array, Array)
#2 {main}PDOException: SQLSTATE[HY093]: Invalid parameter number: number of bound variables does not match number of tokens in C:\xampp\htdocs\qandasite\classes\UserLogic.php:26
Stack trace:
#0 C:\xampp\htdocs\qandasite\classes\UserLogic.php(26): PDOStatement->execute(Array)
#1 C:\xampp\htdocs\qandasite\top\signup_done.php(36): UserLogic::createUser(Array, Array)
#2 {main}PDOException: SQLSTATE[HY093]: Invalid parameter number: number of bound variables does not match number of tokens in C:\xampp\htdocs\qandasite\classes\UserLogic.php:26
Stack trace:
#0 C:\xampp\htdocs\qandasite\classes\UserLogic.php(26): PDOStatement->execute(Array)
#1 C:\xampp\htdocs\qandasite\top\signup_done.php(36): UserLogic::createUser(Array, Array)
#2 {main}PDOException: SQLSTATE[HY093]: Invalid parameter number: number of bound variables does not match number of tokens in C:\xampp\htdocs\qandasite\classes\UserLogic.php:26
Stack trace:
#0 C:\xampp\htdocs\qandasite\classes\UserLogic.php(26): PDOStatement->execute(Array)
#1 C:\xampp\htdocs\qandasite\top\signup_done.php(36): UserLogic::createUser(Array, Array)
#2 {main}PDOException: SQLSTATE[HY093]: Invalid parameter number: number of bound variables does not match number of tokens in C:\xampp\htdocs\qandasite\classes\UserLogic.php:26
Stack trace:
#0 C:\xampp\htdocs\qandasite\classes\UserLogic.php(26): PDOStatement->execute(Array)
#1 C:\xampp\htdocs\qandasite\top\signup_done.php(36): UserLogic::createUser(Array, Array)
#2 {main}PDOException: SQLSTATE[HY093]: Invalid parameter number: number of bound variables does not match number of tokens in C:\xampp\htdocs\qandasite\classes\UserLogic.php:26
Stack trace:
#0 C:\xampp\htdocs\qandasite\classes\UserLogic.php(26): PDOStatement->execute(Array)
#1 C:\xampp\htdocs\qandasite\top\signup_done.php(36): UserLogic::createUser(Array, Array)
#2 {main}PDOException: SQLSTATE[HY093]: Invalid parameter number: number of bound variables does not match number of tokens in C:\xampp\htdocs\qandasite\classes\UserLogic.php:26
Stack trace:
#0 C:\xampp\htdocs\qandasite\classes\UserLogic.php(26): PDOStatement->execute(Array)
#1 C:\xampp\htdocs\qandasite\top\signup_done.php(36): UserLogic::createUser(Array, Array)
#2 {main}PDOException: SQLSTATE[HY093]: Invalid parameter number: number of bound variables does not match number of tokens in C:\xampp\htdocs\qandasite\classes\UserLogic.php:26
Stack trace:
#0 C:\xampp\htdocs\qandasite\classes\UserLogic.php(26): PDOStatement->execute(Array)
#1 C:\xampp\htdocs\qandasite\top\signup_done.php(36): UserLogic::createUser(Array, Array)
#2 {main}PDOException: SQLSTATE[HY093]: Invalid parameter number: number of bound variables does not match number of tokens in C:\xampp\htdocs\qandasite\classes\UserLogic.php:26
Stack trace:
#0 C:\xampp\htdocs\qandasite\classes\UserLogic.php(26): PDOStatement->execute(Array)
#1 C:\xampp\htdocs\qandasite\top\signup_done.php(36): UserLogic::createUser(Array, Array)
#2 {main}PDOException: SQLSTATE[HY093]: Invalid parameter number: number of bound variables does not match number of tokens in C:\xampp\htdocs\qandasite\classes\UserLogic.php:26
Stack trace:
#0 C:\xampp\htdocs\qandasite\classes\UserLogic.php(26): PDOStatement->execute(Array)
#1 C:\xampp\htdocs\qandasite\top\signup_done.php(42): UserLogic::createUser(Array, Array)
#2 {main}PDOException: SQLSTATE[HY093]: Invalid parameter number: number of bound variables does not match number of tokens in C:\xampp\htdocs\qandasite\classes\UserLogic.php:26
Stack trace:
#0 C:\xampp\htdocs\qandasite\classes\UserLogic.php(26): PDOStatement->execute(Array)
#1 C:\xampp\htdocs\qandasite\top\signup_done.php(42): UserLogic::createUser(Array, Array)
#2 {main}PDOException: SQLSTATE[HY093]: Invalid parameter number: number of bound variables does not match number of tokens in C:\xampp\htdocs\qandasite\classes\UserLogic.php:26
Stack trace:
#0 C:\xampp\htdocs\qandasite\classes\UserLogic.php(26): PDOStatement->execute(Array)
#1 C:\xampp\htdocs\qandasite\top\signup_done.php(42): UserLogic::createUser(Array, Array)
#2 {main}PDOException: SQLSTATE[HY093]: Invalid parameter number: number of bound variables does not match number of tokens in C:\xampp\htdocs\qandasite\classes\UserLogic.php:26
Stack trace:
#0 C:\xampp\htdocs\qandasite\classes\UserLogic.php(26): PDOStatement->execute(Array)
#1 C:\xampp\htdocs\qandasite\top\signup_check.php(40): UserLogic::createUser(Array)
#2 {main}PDOException: SQLSTATE[HY093]: Invalid parameter number: number of bound variables does not match number of tokens in C:\xampp\htdocs\qandasite\classes\UserLogic.php:26
Stack trace:
#0 C:\xampp\htdocs\qandasite\classes\UserLogic.php(26): PDOStatement->execute(Array)
#1 C:\xampp\htdocs\qandasite\top\signup_check.php(40): UserLogic::createUser(Array)
#2 {main}PDOException: SQLSTATE[HY093]: Invalid parameter number: number of bound variables does not match number of tokens in C:\xampp\htdocs\qandasite\classes\UserLogic.php:26
Stack trace:
#0 C:\xampp\htdocs\qandasite\classes\UserLogic.php(26): PDOStatement->execute(Array)
#1 C:\xampp\htdocs\qandasite\top\signup_check.php(40): UserLogic::createUser(Array)
#2 {main}PDOException: SQLSTATE[HY093]: Invalid parameter number: number of bound variables does not match number of tokens in C:\xampp\htdocs\qandasite\classes\UserLogic.php:26
Stack trace:
#0 C:\xampp\htdocs\qandasite\classes\UserLogic.php(26): PDOStatement->execute(Array)
#1 C:\xampp\htdocs\qandasite\top\signup_done.php(38): UserLogic::createUser(Array)
#2 {main}PDOException: SQLSTATE[HY093]: Invalid parameter number: number of bound variables does not match number of tokens in C:\xampp\htdocs\qandasite\classes\UserLogic.php:26
Stack trace:
#0 C:\xampp\htdocs\qandasite\classes\UserLogic.php(26): PDOStatement->execute(Array)
#1 C:\xampp\htdocs\qandasite\top\signup_done.php(38): UserLogic::createUser(Array)
#2 {main}PDOException: SQLSTATE[HY093]: Invalid parameter number: number of bound variables does not match number of tokens in C:\xampp\htdocs\qandasite\classes\UserLogic.php:26
Stack trace:
#0 C:\xampp\htdocs\qandasite\classes\UserLogic.php(26): PDOStatement->execute(Array)
#1 C:\xampp\htdocs\qandasite\top\signup_done.php(40): UserLogic::createUser(Array)
#2 {main}PDOException: SQLSTATE[HY093]: Invalid parameter number: number of bound variables does not match number of tokens in C:\xampp\htdocs\qandasite\classes\UserLogic.php:26
Stack trace:
#0 C:\xampp\htdocs\qandasite\classes\UserLogic.php(26): PDOStatement->execute(Array)
#1 C:\xampp\htdocs\qandasite\top\signup_done.php(40): UserLogic::createUser(Array)
#2 {main}PDOException: SQLSTATE[23000]: Integrity constraint violation: 1048 Column 'name' cannot be null in C:\xampp\htdocs\qandasite\classes\UserLogic.php:27
Stack trace:
#0 C:\xampp\htdocs\qandasite\classes\UserLogic.php(27): PDOStatement->execute(Array)
#1 C:\xampp\htdocs\qandasite\top\signup_check.php(42): UserLogic::createUser(Array)
#2 {main}PDOException: SQLSTATE[23000]: Integrity constraint violation: 1048 Column 'name' cannot be null in C:\xampp\htdocs\qandasite\classes\UserLogic.php:27
Stack trace:
#0 C:\xampp\htdocs\qandasite\classes\UserLogic.php(27): PDOStatement->execute(Array)
#1 C:\xampp\htdocs\qandasite\top\signup_check.php(42): UserLogic::createUser(Array)
#2 {main}PDOException: SQLSTATE[23000]: Integrity constraint violation: 1048 Column 'name' cannot be null in C:\xampp\htdocs\qandasite\classes\UserLogic.php:27
Stack trace:
#0 C:\xampp\htdocs\qandasite\classes\UserLogic.php(27): PDOStatement->execute(Array)
#1 C:\xampp\htdocs\qandasite\top\signup_check.php(42): UserLogic::createUser(Array)
#2 {main}PDOException: SQLSTATE[23000]: Integrity constraint violation: 1048 Column 'tel' cannot be null in C:\xampp\htdocs\qandasite\classes\UserLogic.php:27
Stack trace:
#0 C:\xampp\htdocs\qandasite\classes\UserLogic.php(27): PDOStatement->execute(Array)
#1 C:\xampp\htdocs\qandasite\top\signup_check.php(42): UserLogic::createUser(Array)
#2 {main}